<?xml version="1.0" encoding="UTF-8"?>
<!-- Generated by org.testng.reporters.JUnitReportReporter -->
<testsuite hostname="DESKTOP-6746164" failures="0" tests="4" name="testPack.Test1" time="33.545" errors="0" timestamp="2023-03-02T15:16:40 IST" skipped="0">
  <testcase classname="testPack.Test1" name="verifyaddition" time="6.848"/>
  <system-out>
    <![CDATA[it is verified]]>
  </system-out>
  <testcase classname="testPack.Test1" name="verifyMultiplication" time="8.015"/>
  <system-out>
    <![CDATA[it is verified]]>
  </system-out>
  <testcase classname="testPack.Test1" name="verifysubtraction" time="10.470"/>
  <system-out>
    <![CDATA[it is verified]]>
  </system-out>
  <testcase classname="testPack.Test1" name="verifyDivision" time="8.212"/>
  <system-out>
    <![CDATA[it is verified]]>
  </system-out>
</testsuite> <!-- testPack.Test1 -->
